#
# A fatal error has been detected by the Java Runtime Environment:
#
#  EXCEPTION_ACCESS_VIOLATION (0xc0000005) at pc=0x000000005772a083, pid=14440, tid=0x0000000000002338
#
# JRE version: Java(TM) SE Runtime Environment (8.0_191-b12) (build 1.8.0_191-b12)
# Java VM: Java HotSpot(TM) 64-Bit Server VM (25.191-b12 mixed mode windows-amd64 compressed oops)
# Problematic frame:
# V  [jvm.dll+0x10a083]
#
# Failed to write core dump. Minidumps are not enabled by default on client versions of Windows
#
# If you would like to submit a bug report, please visit:
#   http://bugreport.java.com/bugreport/crash.jsp
#

---------------  T H R E A D  ---------------

Current thread (0x0000000018d7a800):  JavaThread "C1 CompilerThread2" daemon [_thread_in_vm, id=9016, stack(0x0000000019a60000,0x0000000019b60000)]

siginfo: ExceptionCode=0xc0000005, reading address 0x0000000000000022

Registers:
RAX=0x0000000000000000, RBX=0x0000000020c17050, RCX=0x0000000020c12e48, RDX=0x0000000002ae0810
RSP=0x0000000019b5e4b8, RBP=0x0000000000000000, RSI=0x0000000100aee400, RDI=0x0000000019b5e901
R8 =0x0000000000000004, R9 =0x0000000000000008, R10=0x0000000000000000, R11=0x0000000002ae0810
R12=0x0000000002ae1e40, R13=0x0000000002ae0810, R14=0x0000000018d7a800, R15=0x00000000000000b6
RIP=0x000000005772a083, EFLAGS=0x0000000000010202

Top of Stack: (sp=0x0000000019b5e4b8)
0x0000000019b5e4b8:   000000005772a110 0000000020c17050
0x0000000019b5e4c8:   0000000100000f28 0000000002ae0810
0x0000000019b5e4d8:   0000000002ae1e40 0000000000000000
0x0000000019b5e4e8:   00000000217fcea0 0000000019b5e940
0x0000000019b5e4f8:   0000000057730d08 0000000020c17050
0x0000000019b5e508:   000000000000001a 0000000100aee428
0x0000000019b5e518:   0000000057838465 0000000000000001
0x0000000019b5e528:   0000000000000000 0000000019b5e940
0x0000000019b5e538:   00000000576b584e 0000000000000001
0x0000000019b5e548:   000000005769b926 0000000000000000
0x0000000019b5e558:   0000000018d7a800 00000000213ef100
0x0000000019b5e568:   0000000057698d92 0000000002ab62d0
0x0000000019b5e578:   000000005769b090 0000000018d7a800
0x0000000019b5e588:   000000007c015a33 000000007c015a33
0x0000000019b5e598:   0000000057857f2d 0000000002ab62d0
0x0000000019b5e5a8:   0000000000000000 0000000018d7a800 

Instructions: (pc=0x000000005772a083)
0x000000005772a063:   d9 78 4c 66 66 0f 1f 84 00 00 00 00 00 47 8d 04
0x000000005772a073:   11 41 d1 f8 49 63 c0 48 8b 4c c3 08 48 8b 41 08
0x000000005772a083:   0f b7 48 22 48 8b 40 08 48 8b 54 c8 50 49 3b d3
0x000000005772a093:   72 14 33 c0 49 3b d3 0f 95 c0 85 c0 74 1a 78 06 


Register to memory mapping:

RAX=0x0000000000000000 is an unknown value
RBX=0x0000000020c17050 is pointing into metadata
RCX=0x0000000020c12e48 is pointing into metadata
RDX=0x0000000002ae0810 is an unknown value
RSP=0x0000000019b5e4b8 is pointing into the stack for thread: 0x0000000018d7a800
RBP=0x0000000000000000 is an unknown value
RSI=0x0000000100aee400 is pointing into metadata
RDI=0x0000000019b5e901 is pointing into the stack for thread: 0x0000000018d7a800
R8 =0x0000000000000004 is an unknown value
R9 =0x0000000000000008 is an unknown value
R10=0x0000000000000000 is an unknown value
R11=0x0000000002ae0810 is an unknown value
R12=0x0000000002ae1e40 is an unknown value
R13=0x0000000002ae0810 is an unknown value
R14=0x0000000018d7a800 is a thread
R15=0x00000000000000b6 is an unknown value


Stack: [0x0000000019a60000,0x0000000019b60000],  sp=0x0000000019b5e4b8,  free space=1017k
Native frames: (J=compiled Java code, j=interpreted, Vv=VM code, C=native code)


Current CompileTask:
C1:1334457 16298       1       org.springframework.data.repository.util.ClassUtils::getNumberOfOccurences (47 bytes)


---------------  P R O C E S S  ---------------

Java Threads: ( => current thread )
  0x00000000219b3800 JavaThread "HikariPool-14 connection adder" daemon [_thread_blocked, id=12068, stack(0x0000000022510000,0x0000000022610000)]
  0x00000000219b2800 JavaThread "HikariPool-14 housekeeper" daemon [_thread_blocked, id=408, stack(0x0000000020d40000,0x0000000020e40000)]
  0x00000000219ab000 JavaThread "container-0" [_thread_blocked, id=10112, stack(0x000000001f040000,0x000000001f140000)]
  0x00000000219b1000 JavaThread "Catalina-utility-2" [_thread_blocked, id=4444, stack(0x000000001ed40000,0x000000001ee40000)]
  0x00000000219b0800 JavaThread "Catalina-utility-1" [_thread_blocked, id=10132, stack(0x000000001e940000,0x000000001ea40000)]
  0x00000000219af000 JavaThread "restartedMain" [_thread_blocked, id=14628, stack(0x000000001bf70000,0x000000001c070000)]
  0x00000000219ac000 JavaThread "Thread-64" [_thread_blocked, id=1456, stack(0x0000000020a40000,0x0000000020b40000)]
  0x000000001dd42000 JavaThread "DestroyJavaVM" [_thread_blocked, id=3416, stack(0x0000000002990000,0x0000000002a90000)]
  0x000000001dd39800 JavaThread "Live Reload Server" daemon [_thread_in_native, id=12344, stack(0x0000000020340000,0x0000000020440000)]
  0x000000001d0e0800 JavaThread "mysql-cj-abandoned-connection-cleanup" daemon [_thread_blocked, id=14152, stack(0x000000001e440000,0x000000001e540000)]
  0x000000001a0b2000 JavaThread "RMI TCP Accept-0" daemon [_thread_in_native, id=15044, stack(0x000000001a660000,0x000000001a760000)]
  0x000000001a0b0800 JavaThread "RMI TCP Accept-50669" daemon [_thread_in_native, id=11720, stack(0x000000001a560000,0x000000001a660000)]
  0x000000001a0a5000 JavaThread "RMI TCP Accept-0" daemon [_thread_in_native, id=13996, stack(0x000000001a460000,0x000000001a560000)]
  0x0000000018dcd000 JavaThread "Service Thread" daemon [_thread_blocked, id=14056, stack(0x0000000019b60000,0x0000000019c60000)]
=>0x0000000018d7a800 JavaThread "C1 CompilerThread2" daemon [_thread_in_vm, id=9016, stack(0x0000000019a60000,0x0000000019b60000)]
  0x0000000018d45800 JavaThread "C2 CompilerThread1" daemon [_thread_blocked, id=352, stack(0x0000000019960000,0x0000000019a60000)]
  0x0000000018d3d800 JavaThread "C2 CompilerThread0" daemon [_thread_blocked, id=12676, stack(0x0000000019860000,0x0000000019960000)]
  0x0000000018d30000 JavaThread "JDWP Command Reader" daemon [_thread_in_native, id=11580, stack(0x0000000019760000,0x0000000019860000)]
  0x0000000018d2b000 JavaThread "JDWP Event Helper Thread" daemon [_thread_blocked, id=13856, stack(0x0000000019660000,0x0000000019760000)]
  0x0000000018d2a000 JavaThread "JDWP Transport Listener: dt_socket" daemon [_thread_blocked, id=11540, stack(0x0000000019560000,0x0000000019660000)]
  0x00000000176cb800 JavaThread "Attach Listener" daemon [_thread_blocked, id=7600, stack(0x0000000018c20000,0x0000000018d20000)]
  0x000000001771e800 JavaThread "Signal Dispatcher" daemon [_thread_blocked, id=472, stack(0x0000000018b20000,0x0000000018c20000)]
  0x00000000176ad000 JavaThread "Finalizer" daemon [_thread_blocked, id=11976, stack(0x0000000018920000,0x0000000018a20000)]
  0x0000000002b88000 JavaThread "Reference Handler" daemon [_thread_blocked, id=8356, stack(0x0000000018820000,0x0000000018920000)]

Other Threads:
  0x0000000017687800 VMThread [stack: 0x0000000018720000,0x0000000018820000] [id=13172]
  0x000000001a0b9800 WatcherThread [stack: 0x000000001a760000,0x000000001a860000] [id=3212]

VM state:not at safepoint (normal execution)

VM Mutex/Monitor currently owned by a thread:  ([mutex/lock_event])
[0x0000000002a96400] Compile_lock - owner thread: 0x0000000018d7a800

Heap:
 PSYoungGen      total 364032K, used 196666K [0x00000000d5f00000, 0x00000000ed600000, 0x0000000100000000)
  eden space 344064K, 57% used [0x00000000d5f00000,0x00000000e1f0eb40,0x00000000eaf00000)
  from space 19968K, 0% used [0x00000000ec280000,0x00000000ec280000,0x00000000ed600000)
  to   space 19968K, 0% used [0x00000000eaf00000,0x00000000eaf00000,0x00000000ec280000)
 ParOldGen       total 130048K, used 42926K [0x0000000081c00000, 0x0000000089b00000, 0x00000000d5f00000)
  object space 130048K, 33% used [0x0000000081c00000,0x00000000845eb960,0x0000000089b00000)
 Metaspace       used 86061K, capacity 91846K, committed 91904K, reserved 1130496K
  class space    used 10743K, capacity 11739K, committed 11776K, reserved 1048576K

Card table byte_map: [0x0000000011f50000,0x0000000012350000] byte_map_base: 0x0000000011b42000

Marking Bits: (ParMarkBitMap*) 0x0000000057e43e30
 Begin Bits: [0x0000000012a00000, 0x0000000014990000)
 End Bits:   [0x0000000014990000, 0x0000000016920000)

Polling page: 0x0000000000bd0000

CodeCache: size=245760Kb used=33547Kb max_used=33547Kb free=212212Kb
 bounds [0x0000000002b90000, 0x0000000004c60000, 0x0000000011b90000]
 total_blobs=16998 nmethods=16143 adapters=773
 compilation: enabled

Compilation events (10 events):
Event: 1334.428 Thread 0x0000000018d7a800 nmethod 16293 0x0000000004c51b90 code [0x0000000004c51ce0, 0x0000000004c51e70]
Event: 1334.428 Thread 0x0000000018d7a800 16294       1       org.hibernate.hql.internal.ast.tree.FromElementFactory::<init> (25 bytes)
Event: 1334.428 Thread 0x0000000018d7a800 nmethod 16294 0x0000000004c51f10 code [0x0000000004c52060, 0x0000000004c521b0]
Event: 1334.428 Thread 0x0000000018d7a800 16295       1       org.hibernate.hql.internal.ast.tree.FromElementFactory::initializeAndAddFromElement (45 bytes)
Event: 1334.429 Thread 0x0000000018d7a800 nmethod 16295 0x0000000004c52210 code [0x0000000004c52400, 0x0000000004c52ab8]
Event: 1334.429 Thread 0x0000000018d7a800 16296   !   1       org.hibernate.hql.internal.antlr.SqlGeneratorBase::fromTable (521 bytes)
Event: 1334.431 Thread 0x0000000018d7a800 nmethod 16296 0x0000000004c53490 code [0x0000000004c53880, 0x0000000004c54d28]
Event: 1334.433 Thread 0x0000000018d7a800 16297       1       java.util.regex.Pattern::compile (10 bytes)
Event: 1334.434 Thread 0x0000000018d7a800 nmethod 16297 0x0000000004c55910 code [0x0000000004c55a60, 0x0000000004c55be8]
Event: 1334.434 Thread 0x0000000018d7a800 16298       1       org.springframework.data.repository.util.ClassUtils::getNumberOfOccurences (47 bytes)

GC Heap History (10 events):
Event: 1208.041 GC heap before
{Heap before GC invocations=66 (full 15):
 PSYoungGen      total 355840K, used 336896K [0x00000000d5f00000, 0x00000000ece00000, 0x0000000100000000)
  eden space 336896K, 100% used [0x00000000d5f00000,0x00000000ea800000,0x00000000ea800000)
  from space 18944K, 0% used [0x00000000ebb80000,0x00000000ebb80000,0x00000000ece00000)
  to   space 19456K, 0% used [0x00000000ea800000,0x00000000ea800000,0x00000000ebb00000)
 ParOldGen       total 130048K, used 42110K [0x0000000081c00000, 0x0000000089b00000, 0x00000000d5f00000)
  object space 130048K, 32% used [0x0000000081c00000,0x000000008451fb40,0x0000000089b00000)
 Metaspace       used 85214K, capacity 90884K, committed 91136K, reserved 1128448K
  class space    used 10662K, capacity 11650K, committed 11776K, reserved 1048576K
Event: 1208.053 GC heap after
Heap after GC invocations=66 (full 15):
 PSYoungGen      total 356352K, used 14092K [0x00000000d5f00000, 0x00000000ed400000, 0x0000000100000000)
  eden space 336896K, 0% used [0x00000000d5f00000,0x00000000d5f00000,0x00000000ea800000)
  from space 19456K, 72% used [0x00000000ea800000,0x00000000eb5c3188,0x00000000ebb00000)
  to   space 19968K, 0% used [0x00000000ec080000,0x00000000ec080000,0x00000000ed400000)
 ParOldGen       total 130048K, used 42118K [0x0000000081c00000, 0x0000000089b00000, 0x00000000d5f00000)
  object space 130048K, 32% used [0x0000000081c00000,0x0000000084521b40,0x0000000089b00000)
 Metaspace       used 85214K, capacity 90884K, committed 91136K, reserved 1128448K
  class space    used 10662K, capacity 11650K, committed 11776K, reserved 1048576K
}
Event: 1259.004 GC heap before
{Heap before GC invocations=67 (full 15):
 PSYoungGen      total 356352K, used 350988K [0x00000000d5f00000, 0x00000000ed400000, 0x0000000100000000)
  eden space 336896K, 100% used [0x00000000d5f00000,0x00000000ea800000,0x00000000ea800000)
  from space 19456K, 72% used [0x00000000ea800000,0x00000000eb5c3188,0x00000000ebb00000)
  to   space 19968K, 0% used [0x00000000ec080000,0x00000000ec080000,0x00000000ed400000)
 ParOldGen       total 130048K, used 42118K [0x0000000081c00000, 0x0000000089b00000, 0x00000000d5f00000)
  object space 130048K, 32% used [0x0000000081c00000,0x0000000084521b40,0x0000000089b00000)
 Metaspace       used 85274K, capacity 90974K, committed 91136K, reserved 1128448K
  class space    used 10674K, capacity 11665K, committed 11776K, reserved 1048576K
Event: 1259.016 GC heap after
Heap after GC invocations=67 (full 15):
 PSYoungGen      total 359936K, used 13693K [0x00000000d5f00000, 0x00000000ed300000, 0x0000000100000000)
  eden space 340992K, 0% used [0x00000000d5f00000,0x00000000d5f00000,0x00000000eac00000)
  from space 18944K, 72% used [0x00000000ec080000,0x00000000ecddf588,0x00000000ed300000)
  to   space 19968K, 0% used [0x00000000eac00000,0x00000000eac00000,0x00000000ebf80000)
 ParOldGen       total 130048K, used 42126K [0x0000000081c00000, 0x0000000089b00000, 0x00000000d5f00000)
  object space 130048K, 32% used [0x0000000081c00000,0x0000000084523b40,0x0000000089b00000)
 Metaspace       used 85274K, capacity 90974K, committed 91136K, reserved 1128448K
  class space    used 10674K, capacity 11665K, committed 11776K, reserved 1048576K
}
Event: 1306.380 GC heap before
{Heap before GC invocations=68 (full 15):
 PSYoungGen      total 359936K, used 354685K [0x00000000d5f00000, 0x00000000ed300000, 0x0000000100000000)
  eden space 340992K, 100% used [0x00000000d5f00000,0x00000000eac00000,0x00000000eac00000)
  from space 18944K, 72% used [0x00000000ec080000,0x00000000ecddf588,0x00000000ed300000)
  to   space 19968K, 0% used [0x00000000eac00000,0x00000000eac00000,0x00000000ebf80000)
 ParOldGen       total 130048K, used 42126K [0x0000000081c00000, 0x0000000089b00000, 0x00000000d5f00000)
  object space 130048K, 32% used [0x0000000081c00000,0x0000000084523b40,0x0000000089b00000)
 Metaspace       used 85288K, capacity 90992K, committed 91136K, reserved 1128448K
  class space    used 10677K, capacity 11668K, committed 11776K, reserved 1048576K
Event: 1306.391 GC heap after
Heap after GC invocations=68 (full 15):
 PSYoungGen      total 360960K, used 14205K [0x00000000d5f00000, 0x00000000ed600000, 0x0000000100000000)
  eden space 340992K, 0% used [0x00000000d5f00000,0x00000000d5f00000,0x00000000eac00000)
  from space 19968K, 71% used [0x00000000eac00000,0x00000000eb9df558,0x00000000ebf80000)
  to   space 19968K, 0% used [0x00000000ec280000,0x00000000ec280000,0x00000000ed600000)
 ParOldGen       total 130048K, used 42134K [0x0000000081c00000, 0x0000000089b00000, 0x00000000d5f00000)
  object space 130048K, 32% used [0x0000000081c00000,0x0000000084525b40,0x0000000089b00000)
 Metaspace       used 85288K, capacity 90992K, committed 91136K, reserved 1128448K
  class space    used 10677K, capacity 11668K, committed 11776K, reserved 1048576K
}
Event: 1332.946 GC heap before
{Heap before GC invocations=69 (full 15):
 PSYoungGen      total 360960K, used 174419K [0x00000000d5f00000, 0x00000000ed600000, 0x0000000100000000)
  eden space 340992K, 46% used [0x00000000d5f00000,0x00000000dfb75938,0x00000000eac00000)
  from space 19968K, 71% used [0x00000000eac00000,0x00000000eb9df558,0x00000000ebf80000)
  to   space 19968K, 0% used [0x00000000ec280000,0x00000000ec280000,0x00000000ed600000)
 ParOldGen       total 130048K, used 42134K [0x0000000081c00000, 0x0000000089b00000, 0x00000000d5f00000)
  object space 130048K, 32% used [0x0000000081c00000,0x0000000084525b40,0x0000000089b00000)
 Metaspace       used 85371K, capacity 91062K, committed 91392K, reserved 1128448K
  class space    used 10684K, capacity 11670K, committed 11776K, reserved 1048576K
Event: 1332.957 GC heap after
Heap after GC invocations=69 (full 15):
 PSYoungGen      total 364032K, used 9469K [0x00000000d5f00000, 0x00000000ed600000, 0x0000000100000000)
  eden space 344064K, 0% used [0x00000000d5f00000,0x00000000d5f00000,0x00000000eaf00000)
  from space 19968K, 47% used [0x00000000ec280000,0x00000000ecbbf6c8,0x00000000ed600000)
  to   space 19968K, 0% used [0x00000000eaf00000,0x00000000eaf00000,0x00000000ec280000)
 ParOldGen       total 130048K, used 42142K [0x0000000081c00000, 0x0000000089b00000, 0x00000000d5f00000)
  object space 130048K, 32% used [0x0000000081c00000,0x0000000084527b40,0x0000000089b00000)
 Metaspace       used 85371K, capacity 91062K, committed 91392K, reserved 1128448K
  class space    used 10684K, capacity 11670K, committed 11776K, reserved 1048576K
}
Event: 1332.957 GC heap before
{Heap before GC invocations=70 (full 16):
 PSYoungGen      total 364032K, used 9469K [0x00000000d5f00000, 0x00000000ed600000, 0x0000000100000000)
  eden space 344064K, 0% used [0x00000000d5f00000,0x00000000d5f00000,0x00000000eaf00000)
  from space 19968K, 47% used [0x00000000ec280000,0x00000000ecbbf6c8,0x00000000ed600000)
  to   space 19968K, 0% used [0x00000000eaf00000,0x00000000eaf00000,0x00000000ec280000)
 ParOldGen       total 130048K, used 42142K [0x0000000081c00000, 0x0000000089b00000, 0x00000000d5f00000)
  object space 130048K, 32% used [0x0000000081c00000,0x0000000084527b40,0x0000000089b00000)
 Metaspace       used 85371K, capacity 91062K, committed 91392K, reserved 1128448K
  class space    used 10684K, capacity 11670K, committed 11776K, reserved 1048576K
Event: 1333.260 GC heap after
Heap after GC invocations=70 (full 16):
 PSYoungGen      total 364032K, used 0K [0x00000000d5f00000, 0x00000000ed600000, 0x0000000100000000)
  eden space 344064K, 0% used [0x00000000d5f00000,0x00000000d5f00000,0x00000000eaf00000)
  from space 19968K, 0% used [0x00000000ec280000,0x00000000ec280000,0x00000000ed600000)
  to   space 19968K, 0% used [0x00000000eaf00000,0x00000000eaf00000,0x00000000ec280000)
 ParOldGen       total 130048K, used 42926K [0x0000000081c00000, 0x0000000089b00000, 0x00000000d5f00000)
  object space 130048K, 33% used [0x0000000081c00000,0x00000000845eb960,0x0000000089b00000)
 Metaspace       used 85361K, capacity 91044K, committed 91392K, reserved 1128448K
  class space    used 10682K, capacity 11666K, committed 11776K, reserved 1048576K
}

Deoptimization events (0 events):
No events

Classes redefined (10 events):
Event: 1330.298 Thread 0x0000000017687800 redefined class name=com.fpoly.repository.KhachHangRepository, count=4
Event: 1330.381 Thread 0x0000000017687800 redefined class name=com.fpoly.repository.KhachHangRepository, count=5
Event: 1330.464 Thread 0x0000000017687800 redefined class name=com.fpoly.repository.KhachHangRepository, count=5
Event: 1330.545 Thread 0x0000000017687800 redefined class name=com.fpoly.repository.KhachHangRepository, count=5
Event: 1330.622 Thread 0x0000000017687800 redefined class name=com.fpoly.repository.KhachHangRepository, count=5
Event: 1330.704 Thread 0x0000000017687800 redefined class name=com.fpoly.repository.KhachHangRepository, count=1
Event: 1330.803 Thread 0x0000000017687800 redefined class name=com.fpoly.repository.KhachHangRepository, count=1
Event: 1330.897 Thread 0x0000000017687800 redefined class name=com.fpoly.repository.KhachHangRepository, count=1
Event: 1330.986 Thread 0x0000000017687800 redefined class name=com.fpoly.repository.KhachHangRepository, count=1
Event: 1331.071 Thread 0x0000000017687800 redefined class name=com.fpoly.repository.KhachHangRepository, count=1

Internal exceptions (10 events):
Event: 1334.319 Thread 0x00000000219af000 Exception <a 'java/lang/ClassNotFoundException': com/fpoly/entity/DiaChiCustomizer> (0x00000000e1335aa8) thrown at [C:\re\workspace\8-2-build-windows-amd64-cygwin\jdk8u191\11896\hotspot\src\share\vm\classfile\systemDictionary.cpp, line 210]
Event: 1334.327 Thread 0x00000000219af000 Exception <a 'java/lang/ClassNotFoundException': java/lang/ObjectCustomizer> (0x00000000e1379740) thrown at [C:\re\workspace\8-2-build-windows-amd64-cygwin\jdk8u191\11896\hotspot\src\share\vm\classfile\systemDictionary.cpp, line 210]
Event: 1334.328 Thread 0x00000000219af000 Exception <a 'java/lang/ClassNotFoundException': com/fpoly/entity/BaseEntityCustomizer> (0x00000000e1394070) thrown at [C:\re\workspace\8-2-build-windows-amd64-cygwin\jdk8u191\11896\hotspot\src\share\vm\classfile\systemDictionary.cpp, line 210]
Event: 1334.330 Thread 0x00000000219af000 Exception <a 'java/lang/ClassNotFoundException': com/fpoly/entity/KhachHangCustomizer> (0x00000000e13b5ec0) thrown at [C:\re\workspace\8-2-build-windows-amd64-cygwin\jdk8u191\11896\hotspot\src\share\vm\classfile\systemDictionary.cpp, line 210]
Event: 1334.330 Thread 0x00000000219af000 Exception <a 'java/lang/ArrayIndexOutOfBoundsException'> (0x00000000e13bb3e8) thrown at [C:\re\workspace\8-2-build-windows-amd64-cygwin\jdk8u191\11896\hotspot\src\share\vm\runtime\sharedRuntime.cpp, line 605]
Event: 1334.330 Thread 0x00000000219af000 Exception <a 'java/lang/ArrayIndexOutOfBoundsException'> (0x00000000e13bcca8) thrown at [C:\re\workspace\8-2-build-windows-amd64-cygwin\jdk8u191\11896\hotspot\src\share\vm\runtime\sharedRuntime.cpp, line 605]
Event: 1334.358 Thread 0x00000000219af000 Exception <a 'java/lang/ArrayIndexOutOfBoundsException'> (0x00000000e17b8d48) thrown at [C:\re\workspace\8-2-build-windows-amd64-cygwin\jdk8u191\11896\hotspot\src\share\vm\runtime\sharedRuntime.cpp, line 605]
Event: 1334.415 Thread 0x00000000219af000 Exception <a 'java/lang/ArrayIndexOutOfBoundsException'> (0x00000000e1c7d4b0) thrown at [C:\re\workspace\8-2-build-windows-amd64-cygwin\jdk8u191\11896\hotspot\src\share\vm\runtime\sharedRuntime.cpp, line 605]
Event: 1334.423 Thread 0x00000000219af000 Exception <a 'java/lang/ArrayIndexOutOfBoundsException'> (0x00000000e1cf21b8) thrown at [C:\re\workspace\8-2-build-windows-amd64-cygwin\jdk8u191\11896\hotspot\src\share\vm\runtime\sharedRuntime.cpp, line 605]
Event: 1334.431 Thread 0x00000000219af000 Exception <a 'java/lang/ArrayIndexOutOfBoundsException'> (0x00000000e1d67868) thrown at [C:\re\workspace\8-2-build-windows-amd64-cygwin\jdk8u191\11896\hotspot\src\share\vm\runtime\sharedRuntime.cpp, line 605]

Events (10 events):
Event: 1334.419 Thread 0x00000000219af000 DEOPT PACKING pc=0x0000000002d9a849 sp=0x000000001c067be0
Event: 1334.419 Thread 0x00000000219af000 DEOPT UNPACKING pc=0x0000000002bd7890 sp=0x000000001c067930 mode 1
Event: 1334.419 Thread 0x00000000219af000 DEOPT PACKING pc=0x0000000002f98f34 sp=0x000000001c067c60
Event: 1334.419 Thread 0x00000000219af000 DEOPT UNPACKING pc=0x0000000002bd7890 sp=0x000000001c067990 mode 1
Event: 1334.419 Thread 0x00000000219af000 DEOPT PACKING pc=0x0000000002d1e6f4 sp=0x000000001c067cc0
Event: 1334.419 Thread 0x00000000219af000 DEOPT UNPACKING pc=0x0000000002bd7890 sp=0x000000001c067a88 mode 1
Event: 1334.424 Thread 0x00000000219af000 DEOPT PACKING pc=0x0000000002cacef4 sp=0x000000001c06a350
Event: 1334.424 Thread 0x00000000219af000 DEOPT UNPACKING pc=0x0000000002bd7890 sp=0x000000001c06a070 mode 1
Event: 1334.431 Thread 0x00000000219af000 DEOPT PACKING pc=0x0000000002cacef4 sp=0x000000001c06a350
Event: 1334.431 Thread 0x00000000219af000 DEOPT UNPACKING pc=0x0000000002bd7890 sp=0x000000001c06a070 mode 1


Dynamic libraries:
0x00007ff648510000 - 0x00007ff648547000 	C:\Program Files\Java\jdk1.8.0_191\bin\javaw.exe
0x00007fff3b520000 - 0x00007fff3b710000 	C:\WINDOWS\SYSTEM32\ntdll.dll
0x00007fff3aa00000 - 0x00007fff3aab3000 	C:\WINDOWS\System32\KERNEL32.DLL
0x00007fff385e0000 - 0x00007fff38885000 	C:\WINDOWS\System32\KERNELBASE.dll
0x00007fff395c0000 - 0x00007fff39663000 	C:\WINDOWS\System32\ADVAPI32.dll
0x00007fff3b360000 - 0x00007fff3b3fe000 	C:\WINDOWS\System32\msvcrt.dll
0x00007fff3aac0000 - 0x00007fff3ab57000 	C:\WINDOWS\System32\sechost.dll
0x00007fff3a820000 - 0x00007fff3a93f000 	C:\WINDOWS\System32\RPCRT4.dll
0x00007fff3a3f0000 - 0x00007fff3a584000 	C:\WINDOWS\System32\USER32.dll
0x00007fff391c0000 - 0x00007fff391e1000 	C:\WINDOWS\System32\win32u.dll
0x00007fff39670000 - 0x00007fff39696000 	C:\WINDOWS\System32\GDI32.dll
0x00007fff39340000 - 0x00007fff394d8000 	C:\WINDOWS\System32\gdi32full.dll
0x00007fff39120000 - 0x00007fff391be000 	C:\WINDOWS\System32\msvcp_win.dll
0x00007fff384e0000 - 0x00007fff385da000 	C:\WINDOWS\System32\ucrtbase.dll
0x00007fff248b0000 - 0x00007fff24b34000 	C:\WINDOWS\WinSxS\amd64_microsoft.windows.common-controls_6595b64144ccf1df_6.0.18362.1916_none_9e7a3577e461ddbd\COMCTL32.dll
0x00007fff3ae80000 - 0x00007fff3b1b6000 	C:\WINDOWS\System32\combase.dll
0x00007fff39530000 - 0x00007fff395b4000 	C:\WINDOWS\System32\bcryptPrimitives.dll
0x00007fff3b320000 - 0x00007fff3b34e000 	C:\WINDOWS\System32\IMM32.DLL
0x0000000056ff0000 - 0x00000000570c2000 	C:\Program Files\Java\jdk1.8.0_191\jre\bin\msvcr100.dll
0x0000000057620000 - 0x0000000057ec4000 	C:\Program Files\Java\jdk1.8.0_191\jre\bin\server\jvm.dll
0x00007fff3b350000 - 0x00007fff3b358000 	C:\WINDOWS\System32\PSAPI.DLL
0x00007fff1f380000 - 0x00007fff1f389000 	C:\WINDOWS\SYSTEM32\WSOCK32.dll
0x00007fff3a7b0000 - 0x00007fff3a81f000 	C:\WINDOWS\System32\WS2_32.dll
0x00007fff34be0000 - 0x00007fff34c04000 	C:\WINDOWS\SYSTEM32\WINMM.dll
0x00007fff30160000 - 0x00007fff3016a000 	C:\WINDOWS\SYSTEM32\VERSION.dll
0x00007fff34bb0000 - 0x00007fff34bdd000 	C:\WINDOWS\SYSTEM32\WINMMBASE.dll
0x00007fff38490000 - 0x00007fff384da000 	C:\WINDOWS\System32\cfgmgr32.dll
0x0000000057530000 - 0x000000005753f000 	C:\Program Files\Java\jdk1.8.0_191\jre\bin\verify.dll
0x0000000057500000 - 0x0000000057529000 	C:\Program Files\Java\jdk1.8.0_191\jre\bin\java.dll
0x0000000056e00000 - 0x0000000056e35000 	C:\Program Files\Java\jdk1.8.0_191\jre\bin\jdwp.dll
0x0000000056fe0000 - 0x0000000056fe8000 	C:\Program Files\Java\jdk1.8.0_191\jre\bin\npt.dll
0x00000000574b0000 - 0x00000000574c6000 	C:\Program Files\Java\jdk1.8.0_191\jre\bin\zip.dll
0x00007fff39ca0000 - 0x00007fff3a387000 	C:\WINDOWS\System32\SHELL32.dll
0x00007fff3a950000 - 0x00007fff3a9f9000 	C:\WINDOWS\System32\shcore.dll
0x00007fff38890000 - 0x00007fff3900b000 	C:\WINDOWS\System32\windows.storage.dll
0x00007fff38450000 - 0x00007fff3846e000 	C:\WINDOWS\System32\profapi.dll
0x00007fff383e0000 - 0x00007fff3842a000 	C:\WINDOWS\System32\powrprof.dll
0x00007fff383d0000 - 0x00007fff383e0000 	C:\WINDOWS\System32\UMPDC.dll
0x00007fff3a750000 - 0x00007fff3a7a2000 	C:\WINDOWS\System32\shlwapi.dll
0x00007fff38430000 - 0x00007fff38441000 	C:\WINDOWS\System32\kernel.appcore.dll
0x00007fff39510000 - 0x00007fff39527000 	C:\WINDOWS\System32\cryptsp.dll
0x0000000056df0000 - 0x0000000056df9000 	C:\Program Files\Java\jdk1.8.0_191\jre\bin\dt_socket.dll
0x00007fff19cf0000 - 0x00007fff19d06000 	C:\WINDOWS\system32\napinsp.dll
0x00007fff19cd0000 - 0x00007fff19cea000 	C:\WINDOWS\system32\pnrpnsp.dll
0x00007fff337b0000 - 0x00007fff337c5000 	C:\WINDOWS\system32\wshbth.dll
0x00007fff33e70000 - 0x00007fff33e8c000 	C:\WINDOWS\system32\NLAapi.dll
0x00007fff378c0000 - 0x00007fff378fa000 	C:\WINDOWS\SYSTEM32\IPHLPAPI.DLL
0x00007fff37bb0000 - 0x00007fff37c17000 	C:\WINDOWS\System32\mswsock.dll
0x00007fff37900000 - 0x00007fff379ca000 	C:\WINDOWS\SYSTEM32\DNSAPI.dll
0x00007fff3ae50000 - 0x00007fff3ae58000 	C:\WINDOWS\System32\NSI.dll
0x00007fff1d6f0000 - 0x00007fff1d6fe000 	C:\WINDOWS\System32\winrnr.dll
0x00000000581e0000 - 0x0000000058206000 	C:\Program Files\Bonjour\mdnsNSP.dll
0x00007fff27e70000 - 0x00007fff27ee7000 	C:\WINDOWS\System32\fwpuclnt.dll
0x00007fff394e0000 - 0x00007fff39506000 	C:\WINDOWS\System32\bcrypt.dll
0x00007fff25b70000 - 0x00007fff25b7a000 	C:\Windows\System32\rasadhlp.dll
0x0000000056de0000 - 0x0000000056ded000 	C:\Program Files\Java\jdk1.8.0_191\jre\bin\management.dll
0x0000000057490000 - 0x00000000574aa000 	C:\Program Files\Java\jdk1.8.0_191\jre\bin\net.dll
0x0000000057470000 - 0x0000000057481000 	C:\Program Files\Java\jdk1.8.0_191\jre\bin\nio.dll
0x00007fff37730000 - 0x00007fff37763000 	C:\WINDOWS\system32\rsaenh.dll
0x00007fff382c0000 - 0x00007fff382e5000 	C:\WINDOWS\SYSTEM32\USERENV.dll
0x00007fff37d80000 - 0x00007fff37d8c000 	C:\WINDOWS\SYSTEM32\CRYPTBASE.dll
0x00007fff29050000 - 0x00007fff29066000 	C:\WINDOWS\SYSTEM32\dhcpcsvc6.DLL
0x00007fff2ce60000 - 0x00007fff2ce7c000 	C:\WINDOWS\SYSTEM32\dhcpcsvc.DLL
0x00000000570e0000 - 0x0000000057104000 	C:\Program Files\Java\jdk1.8.0_191\jre\bin\sunec.dll
0x00000000570d0000 - 0x00000000570db000 	C:\Program Files\Java\jdk1.8.0_191\jre\bin\sunmscapi.dll
0x00007fff391f0000 - 0x00007fff3933a000 	C:\WINDOWS\System32\CRYPT32.dll
0x00007fff38470000 - 0x00007fff38482000 	C:\WINDOWS\System32\MSASN1.dll
0x00007fff36310000 - 0x00007fff36504000 	C:\WINDOWS\SYSTEM32\dbghelp.dll

VM Arguments:
jvm_args: -agentlib:jdwp=transport=dt_socket,suspend=y,address=localhost:50670 -Dcom.sun.management.jmxremote -Dcom.sun.management.jmxremote.port=50669 -Dcom.sun.management.jmxremote.authenticate=false -Dcom.sun.management.jmxremote.ssl=false -Djava.rmi.server.hostname=localhost -Dspring.jmx.enabled=true -Dspring.application.admin.enabled=true -Xverify:none -XX:TieredStopAtLevel=1 -Dspring.boot.project.name=Clother_UD15 -Dfile.encoding=UTF-8 
java_command: com.fpoly.ClothesUd15Application
java_class_path (initial): D:\datn-ud15\Clother_UD15\target\classes;C:\Users\DuongNVPH\.m2\repository\org\springframework\boot\spring-boot-starter-data-jpa\2.3.12.RELEASE\spring-boot-starter-data-jpa-2.3.12.RELEASE.jar;C:\Users\DuongNVPH\.m2\repository\org\springframework\boot\spring-boot-starter-aop\2.3.12.RELEASE\spring-boot-starter-aop-2.3.12.RELEASE.jar;C:\Users\DuongNVPH\.m2\repository\org\aspectj\aspectjweaver\1.9.6\aspectjweaver-1.9.6.jar;C:\Users\DuongNVPH\.m2\repository\org\springframework\boot\spring-boot-starter-jdbc\2.3.12.RELEASE\spring-boot-starter-jdbc-2.3.12.RELEASE.jar;C:\Users\DuongNVPH\.m2\repository\com\zaxxer\HikariCP\3.4.5\HikariCP-3.4.5.jar;C:\Users\DuongNVPH\.m2\repository\org\springframework\spring-jdbc\5.2.15.RELEASE\spring-jdbc-5.2.15.RELEASE.jar;C:\Users\DuongNVPH\.m2\repository\jakarta\transaction\jakarta.transaction-api\1.3.3\jakarta.transaction-api-1.3.3.jar;C:\Users\DuongNVPH\.m2\repository\jakarta\persistence\jakarta.persistence-api\2.2.3\jakarta.persistence-api-2.2.3.jar;C:\Users\DuongNVPH\.m2\repository\org\hibernate\hibernate-core\5.4.32.Final\hibernate-core-5.4.32.Final.jar;C:\Users\DuongNVPH\.m2\repository\org\jboss\logging\jboss-logging\3.4.2.Final\jboss-logging-3.4.2.Final.jar;C:\Users\DuongNVPH\.m2\repository\org\javassist\javassist\3.27.0-GA\javassist-3.27.0-GA.jar;C:\Users\DuongNVPH\.m2\repository\net\bytebuddy\byte-buddy\1.10.22\byte-buddy-1.10.22.jar;C:\Users\DuongNVPH\.m2\repository\antlr\antlr\2.7.7\antlr-2.7.7.jar;C:\Users\DuongNVPH\.m2\repository\org\jboss\jandex\2.2.3.Final\jandex-2.2.3.Final.jar;C:\Users\DuongNVPH\.m2\repository\com\fasterxml\classmate\1.5.1\classmate-1.5.1.jar;C:\Users\DuongNVPH\.m2\repository\org\dom4j\dom4j\2.1.3\dom4j-2.1.3.jar;C:\Users\DuongNVPH\.m2\repository\org\hibernate\common\hibernate-commons-annotations\5.1.2.Final\hibernate-commons-annotations-5.1.2.Final.jar;C:\Users\DuongNVPH\.m2\repository\org\glassfish\jaxb\jaxb-runtime\2.3.4\jaxb-runtime-2.3.4.jar;C:\Users\DuongNVPH\.m2\repositor
Launcher Type: SUN_STANDARD

Environment Variables:
JAVA_HOME=C:\Program Files\Java\jdk1.8.0_191
PATH=C:\Program Files\Java\jdk1.8.0_191\jre\bin;C:/Program Files/Java/jdk1.8.0_191/bin/../jre/bin/server;C:/Program Files/Java/jdk1.8.0_191/bin/../jre/bin;C:/Program Files/Java/jdk1.8.0_191/bin/../jre/lib/amd64;C:\Program Files\Java\jdk1.8.0_191\bin;C:\Program Files (x86)\Common Files\Oracle\Java\javapath;C:\Program Files\Common Files\Oracle\Java\javapath;C:\Program Files\Java\jdk-17.0.2\bin;C:\WINDOWS\system32;C:\WINDOWS;C:\WINDOWS\System32\Wbem;C:\WINDOWS\System32\WindowsPowerShell\v1.0\;C:\WINDOWS\System32\OpenSSH\;C:\Program Files\Azure Data Studio\bin;C:\Program Files\Git\cmd;C:\apache-maven-3.6.0-bin\apache-maven-3.6.0\bin;C:\Program Files (x86)\Microsoft SQL Server\160\Tools\Binn\;C:\Program Files\Microsoft SQL Server\160\Tools\Binn\;C:\Program Files\Microsoft SQL Server\Client SDK\ODBC\170\Tools\Binn\;C:\Program Files\Microsoft SQL Server\160\DTS\Binn\;C:\Program Files (x86)\Microsoft SQL Server\160\DTS\Binn\;C:\Program Files\MySQL\MySQL Shell 8.0\bin\;C:\Users\DuongNVPH\AppData\Local\Microsoft\WindowsApps;C:\Program Files\Azure Data Studio\bin;C:\Users\DuongNVPH\AppData\Local\Programs\Microsoft VS Code\bin;C:\Users\DuongNVPH\AppData\Local\GitHubDesktop\bin;D:\eclipse-jee-2018-09-win32-x86_64;
USERNAME=DuongNVPH
OS=Windows_NT
PROCESSOR_IDENTIFIER=Intel64 Family 6 Model 78 Stepping 3, GenuineIntel



---------------  S Y S T E M  ---------------

OS: Windows 10.0 , 64 bit Build 18362 (10.0.18362.1916)

CPU:total 4 (initial active 4) (2 cores per cpu, 2 threads per core) family 6 model 78 stepping 3, cmov, cx8, fxsr, mmx, sse, sse2, sse3, ssse3, sse4.1, sse4.2, popcnt, avx, avx2, aes, clmul, erms, rtm, 3dnowpref, lzcnt, ht, tsc, tscinvbit, bmi1, bmi2, adx

Memory: 4k page, physical 8268788k(2066144k free), swap 13773812k(5184500k free)

vm_info: Java HotSpot(TM) 64-Bit Server VM (25.191-b12) for windows-amd64 JRE (1.8.0_191-b12), built on Oct  6 2018 09:29:03 by "java_re" with MS VC++ 10.0 (VS2010)

time: Tue Jun 27 17:36:51 2023
elapsed time: 1334 seconds (0d 0h 22m 14s)

